{
  "stats": {
    "suites": 1,
    "tests": 1,
    "passes": 1,
    "pending": 0,
    "failures": 0,
    "start": "2021-10-22T02:40:07.154Z",
    "end": "2021-10-22T02:40:12.555Z",
    "duration": 5401,
    "testsRegistered": 1,
    "passPercent": 100,
    "pendingPercent": 0,
    "other": 0,
    "hasOther": false,
    "skipped": 0,
    "hasSkipped": false
  },
  "results": [
    {
      "uuid": "ceab8ae6-4d30-4b5b-9efb-db670849f664",
      "title": "",
      "fullFile": "cypress/integration/ui/purchaseProducts.js",
      "file": "cypress/integration/ui/purchaseProducts.js",
      "beforeHooks": [],
      "afterHooks": [],
      "tests": [],
      "suites": [
        {
          "uuid": "b6d0e89d-dd40-4c8e-8f8f-ea1a9244c118",
          "title": "Purchase Products",
          "fullFile": "",
          "file": "",
          "beforeHooks": [],
          "afterHooks": [],
          "tests": [
            {
              "title": "Purchase All T-Shirts",
              "fullTitle": "Purchase Products Purchase All T-Shirts",
              "timedOut": null,
              "duration": 5249,
              "state": "passed",
              "speed": "slow",
              "pass": true,
              "fail": false,
              "pending": false,
              "context": null,
              "code": "(0, _productsPage.selectAllTshirts)();\n(0, _checkoutPage.purchaseAllTshirts)();\n(0, _checkoutPage.fillCheckoutInfo)('Clarissa', 'Rodrigues', '30000');",
              "err": {},
              "uuid": "297e947f-16c7-44d6-8ab4-3058d13942f6",
              "parentUUID": "b6d0e89d-dd40-4c8e-8f8f-ea1a9244c118",
              "isHook": false,
              "skipped": false
            }
          ],
          "suites": [],
          "passes": [
            "297e947f-16c7-44d6-8ab4-3058d13942f6"
          ],
          "failures": [],
          "pending": [],
          "skipped": [],
          "duration": 5249,
          "root": false,
          "rootEmpty": false,
          "_timeout": 2000
        }
      ],
      "passes": [],
      "failures": [],
      "pending": [],
      "skipped": [],
      "duration": 0,
      "root": true,
      "rootEmpty": true,
      "_timeout": 2000
    }
  ],
  "meta": {
    "mocha": {
      "version": "7.0.1"
    },
    "mochawesome": {
      "options": {
        "quiet": false,
        "reportFilename": "mochawesome",
        "saveHtml": false,
        "saveJson": true,
        "consoleReporter": "spec",
        "useInlineDiffs": false,
        "code": true
      },
      "version": "6.3.1"
    },
    "marge": {
      "options": {
        "overwrite": false,
        "html": false,
        "json": true
      },
      "version": "5.2.0"
    }
  }
}