{
  "stats": {
    "suites": 1,
    "tests": 1,
    "passes": 1,
    "pending": 0,
    "failures": 0,
    "start": "2021-08-29T19:12:15.406Z",
    "end": "2021-08-29T19:12:20.275Z",
    "duration": 4869,
    "testsRegistered": 1,
    "passPercent": 100,
    "pendingPercent": 0,
    "other": 0,
    "hasOther": false,
    "skipped": 0,
    "hasSkipped": false
  },
  "results": [
    {
      "uuid": "7c876147-4477-4c5e-b5b6-f1a527715b3c",
      "title": "",
      "fullFile": "cypress/integration/ui/purchaseProducts.js",
      "file": "cypress/integration/ui/purchaseProducts.js",
      "beforeHooks": [],
      "afterHooks": [],
      "tests": [],
      "suites": [
        {
          "uuid": "4b758ef9-35bb-42ff-b896-1fa7e115e229",
          "title": "Purchase Products",
          "fullFile": "",
          "file": "",
          "beforeHooks": [],
          "afterHooks": [],
          "tests": [
            {
              "title": "Purchase All T-Shirts",
              "fullTitle": "Purchase Products Purchase All T-Shirts",
              "timedOut": null,
              "duration": 4839,
              "state": "passed",
              "speed": "slow",
              "pass": true,
              "fail": false,
              "pending": false,
              "context": null,
              "code": "(0, _productsPage.selectAllTshirts)();\n(0, _checkoutPage.purchaseAllTshirts)();\n(0, _checkoutPage.fillCheckoutInfo)('Clarissa', 'Rodrigues', '30000');",
              "err": {},
              "uuid": "55f5f7cf-2a2c-4c7f-828d-d051a77221ae",
              "parentUUID": "4b758ef9-35bb-42ff-b896-1fa7e115e229",
              "isHook": false,
              "skipped": false
            }
          ],
          "suites": [],
          "passes": [
            "55f5f7cf-2a2c-4c7f-828d-d051a77221ae"
          ],
          "failures": [],
          "pending": [],
          "skipped": [],
          "duration": 4839,
          "root": false,
          "rootEmpty": false,
          "_timeout": 2000
        }
      ],
      "passes": [],
      "failures": [],
      "pending": [],
      "skipped": [],
      "duration": 0,
      "root": true,
      "rootEmpty": true,
      "_timeout": 2000
    }
  ],
  "meta": {
    "mocha": {
      "version": "7.0.1"
    },
    "mochawesome": {
      "options": {
        "quiet": false,
        "reportFilename": "mochawesome",
        "saveHtml": false,
        "saveJson": true,
        "consoleReporter": "spec",
        "useInlineDiffs": false,
        "code": true
      },
      "version": "6.2.2"
    },
    "marge": {
      "options": {
        "overwrite": false,
        "html": false,
        "json": true
      },
      "version": "5.2.0"
    }
  }
}