{
  "stats": {
    "suites": 1,
    "tests": 1,
    "passes": 1,
    "pending": 0,
    "failures": 0,
    "start": "2021-08-29T19:10:36.701Z",
    "end": "2021-08-29T19:10:41.110Z",
    "duration": 4409,
    "testsRegistered": 1,
    "passPercent": 100,
    "pendingPercent": 0,
    "other": 0,
    "hasOther": false,
    "skipped": 0,
    "hasSkipped": false
  },
  "results": [
    {
      "uuid": "42bc8d56-5b17-4b5d-bf1b-b70454858793",
      "title": "",
      "fullFile": "cypress/integration/ui/purchaseProducts.js",
      "file": "cypress/integration/ui/purchaseProducts.js",
      "beforeHooks": [],
      "afterHooks": [],
      "tests": [],
      "suites": [
        {
          "uuid": "1888571b-599f-49ff-8de7-b45a761ace6d",
          "title": "Purchase Products",
          "fullFile": "",
          "file": "",
          "beforeHooks": [],
          "afterHooks": [],
          "tests": [
            {
              "title": "Purchase All T-Shirts",
              "fullTitle": "Purchase Products Purchase All T-Shirts",
              "timedOut": null,
              "duration": 4313,
              "state": "passed",
              "speed": "slow",
              "pass": true,
              "fail": false,
              "pending": false,
              "context": null,
              "code": "(0, _productsPage.selectAllTshirts)();\n(0, _checkoutPage.purchaseAllTshirts)();\n(0, _checkoutPage.fillCheckoutInfo)('Clarissa', 'Rodrigues', '30000');",
              "err": {},
              "uuid": "886439a9-76dd-4385-a76f-c752fe6db599",
              "parentUUID": "1888571b-599f-49ff-8de7-b45a761ace6d",
              "isHook": false,
              "skipped": false
            }
          ],
          "suites": [],
          "passes": [
            "886439a9-76dd-4385-a76f-c752fe6db599"
          ],
          "failures": [],
          "pending": [],
          "skipped": [],
          "duration": 4313,
          "root": false,
          "rootEmpty": false,
          "_timeout": 2000
        }
      ],
      "passes": [],
      "failures": [],
      "pending": [],
      "skipped": [],
      "duration": 0,
      "root": true,
      "rootEmpty": true,
      "_timeout": 2000
    }
  ],
  "meta": {
    "mocha": {
      "version": "7.0.1"
    },
    "mochawesome": {
      "options": {
        "quiet": false,
        "reportFilename": "mochawesome",
        "saveHtml": false,
        "saveJson": true,
        "consoleReporter": "spec",
        "useInlineDiffs": false,
        "code": true
      },
      "version": "6.2.2"
    },
    "marge": {
      "options": {
        "overwrite": false,
        "html": false,
        "json": true
      },
      "version": "5.2.0"
    }
  }
}